aspcud
clasp
conky-nvidia
cower
fontmatrix-git
google-chrome-beta
gpodder3
granite-bzr
gringo
hunspell-en-base
keybase-staging
libappindicator-gtk2
libdbusmenu-glib
libdbusmenu-gtk2
libdbusmenu-gtk3
libindicator-gtk2
libindicator-gtk3
lightdm-webkit-theme-archlinux
lightdm-webkit2-greeter
memtest86-efi
minecraft
mopidy-beets
mugshot
nvm
opam
openpht
paperkey
potato
powerline-fonts-git
prelink
pycharm-community
python2-mygpoclient
quimup
rar
rave-x-colors
razercfg
slack-chat
slurm
ttf-weather-icons
xpenguins
xscreensaver-arch-logo
